[13:57:29] [ServerMain/INFO]: [bootstrap] Running Java 21 (OpenJDK 64-Bit Server VM 21.0.9+10-Ubuntu-124.04; Ubuntu null) on Linux 6.8.0-1030-azure (amd64)
[13:57:29] [ServerMain/INFO]: [bootstrap] Loading Paper 1.21.8-6-main@782ce95 (2025-07-18T20:26:58Z) for Minecraft 1.21.8
[13:57:30] [ServerMain/INFO]: [PluginInitializerManager] Initializing plugins...
[13:57:31] [ServerMain/INFO]: [PluginInitializerManager] Initialized 1 plugin
[13:57:31] [ServerMain/INFO]: [PluginInitializerManager] Bukkit plugins (1):
 - SkinsRestorer (15.9.3)
[13:57:36] [ServerMain/INFO]: Environment: Environment[sessionHost=https://sessionserver.mojang.com, servicesHost=https://api.minecraftservices.com, name=PROD]
[13:57:36] [ServerMain/INFO]: Found new data pack file/bukkit, loading it automatically
[13:57:36] [ServerMain/INFO]: Found new data pack paper, loading it automatically
[13:57:37] [ServerMain/INFO]: No existing world data, creating new world
[13:57:38] [ServerMain/INFO]: Loaded 1407 recipes
[13:57:38] [ServerMain/INFO]: Loaded 1520 advancements
[13:57:38] [ServerMain/INFO]: [ca.spottedleaf.dataconverter.minecraft.datatypes.MCTypeRegistry] Initialising converters for DataConverter...
[13:57:38] [ServerMain/INFO]: [ca.spottedleaf.dataconverter.minecraft.datatypes.MCTypeRegistry] Finished initialising converters for DataConverter in 430.4ms
[13:57:38] [Server thread/INFO]: Starting minecraft server version 1.21.8
[13:57:38] [Server thread/INFO]: Loading properties
[13:57:38] [Server thread/INFO]: This server is running Paper version 1.21.8-6-main@782ce95 (2025-07-18T20:26:58Z) (Implementing API version 1.21.8-R0.1-SNAPSHOT)
[13:57:38] [Server thread/INFO]: [spark] This server bundles the spark profiler. For more information please visit https://docs.papermc.io/paper/profiling
[13:57:38] [Server thread/INFO]: Server Ping Player Sample Count: 12
[13:57:38] [Server thread/INFO]: Using 4 threads for Netty based IO
[13:57:39] [Server thread/INFO]: [MoonriseCommon] Paper is using 1 worker threads, 1 I/O threads
[13:57:39] [Server thread/INFO]: [ChunkTaskScheduler] Chunk system is using population gen parallelism: true
[13:57:40] [Server thread/INFO]: Default game type: SURVIVAL
[13:57:40] [Server thread/INFO]: Generating keypair
[13:57:40] [Server thread/INFO]: Starting Minecraft server on *:25565
[13:57:40] [Server thread/INFO]: Using epoll channel type
[13:57:40] [Server thread/INFO]: Paper: Using libdeflate (Linux x86_64) compression from Velocity.
[13:57:40] [Server thread/INFO]: Paper: Using OpenSSL 3.x.x (Linux x86_64) cipher from Velocity.
[13:57:40] [Server thread/INFO]: [SkinsRestorer] Loading server plugin SkinsRestorer v15.9.3
[13:57:40] [Server thread/INFO]: Server permissions file permissions.yml is empty, ignoring it
[13:57:40] [Server thread/INFO]: [SkinsRestorer] Enabling SkinsRestorer v15.9.3
[13:57:41] [Server thread/INFO]: [SkinsRestorer] Running on Minecraft 1.21.8.
[13:57:41] [Server thread/INFO]: [SkinsRestorer] Using paper join listener!
[13:57:41] [Server thread/WARN]: **** SERVER IS RUNNING IN OFFLINE/INSECURE MODE!
[13:57:41] [Server thread/WARN]: The server will make no attempt to authenticate usernames. Beware.
[13:57:41] [Server thread/WARN]: While this makes the game possible to play without internet access, it also opens up the ability for hackers to connect with any username they choose.
[13:57:41] [Server thread/WARN]: To change this, set "online-mode" to "true" in the server.properties file.
[13:57:41] [Server thread/INFO]: Preparing level "world"
[13:57:41] [Folia Async Scheduler Thread #1/INFO]: [SkinsRestorer] ----------------------------------------------
[13:57:41] [Folia Async Scheduler Thread #1/INFO]: [SkinsRestorer]     +==================+
[13:57:41] [Folia Async Scheduler Thread #1/INFO]: [SkinsRestorer]     |   SkinsRestorer  |
[13:57:41] [Folia Async Scheduler Thread #1/INFO]: [SkinsRestorer]     |------------------|
[13:57:41] [Folia Async Scheduler Thread #1/INFO]: [SkinsRestorer]     |  Standalone Mode |
[13:57:41] [Folia Async Scheduler Thread #1/INFO]: [SkinsRestorer]     +==================+
[13:57:41] [Folia Async Scheduler Thread #1/INFO]: [SkinsRestorer] ----------------------------------------------
[13:57:41] [Folia Async Scheduler Thread #1/INFO]: [SkinsRestorer]     Version: 15.9.3
[13:57:41] [Folia Async Scheduler Thread #1/INFO]: [SkinsRestorer]     Commit: 989bf18
[13:57:41] [Folia Async Scheduler Thread #1/INFO]: [SkinsRestorer]     This is the latest version!
[13:57:41] [Folia Async Scheduler Thread #1/INFO]: [SkinsRestorer] ----------------------------------------------
[13:57:41] [Folia Async Scheduler Thread #1/INFO]: [SkinsRestorer] Do you have issues? Read our troubleshooting guide: https://skinsrestorer.net/docs/troubleshooting
[13:57:41] [Folia Async Scheduler Thread #1/INFO]: [SkinsRestorer] Want to support SkinsRestorer? Consider donating: https://skinsrestorer.net/donate
[13:57:53] [Server thread/INFO]: Preparing start region for dimension minecraft:overworld
[13:57:53] [Server thread/INFO]: Preparing spawn area: 2%
[13:57:53] [Server thread/INFO]: Preparing spawn area: 2%
[13:57:54] [Server thread/INFO]: Preparing spawn area: 2%
[13:57:54] [Server thread/INFO]: Preparing spawn area: 2%
[13:57:55] [Server thread/INFO]: Preparing spawn area: 2%
[13:57:55] [Server thread/INFO]: Preparing spawn area: 4%
[13:57:56] [Server thread/INFO]: Preparing spawn area: 16%
[13:57:56] [Server thread/INFO]: Preparing spawn area: 18%
[13:57:57] [Server thread/INFO]: Preparing spawn area: 18%
[13:57:57] [Server thread/INFO]: Preparing spawn area: 28%
[13:57:58] [Server thread/INFO]: Preparing spawn area: 44%
[13:57:58] [Server thread/INFO]: Preparing spawn area: 51%
[13:57:59] [Server thread/INFO]: Preparing spawn area: 63%
[13:57:59] [Server thread/INFO]: Preparing spawn area: 65%
[13:57:59] [Server thread/INFO]: Time elapsed: 6729 ms
[13:57:59] [Server thread/INFO]: Preparing start region for dimension minecraft:the_nether
[13:58:00] [Server thread/INFO]: Preparing spawn area: 0%
[13:58:00] [Server thread/INFO]: Time elapsed: 453 ms
[13:58:00] [Server thread/INFO]: Preparing start region for dimension minecraft:the_end
[13:58:00] [Server thread/INFO]: Preparing spawn area: 0%
[13:58:00] [Server thread/INFO]: Time elapsed: 170 ms
[13:58:00] [Server thread/INFO]: [spark] Starting background profiler...
[13:58:01] [Server thread/INFO]: Done preparing level "world" (19.704s)
[13:58:01] [Server thread/INFO]: Running delayed init tasks
[13:58:01] [Server thread/INFO]: Done (33.487s)! For help, type "help"
